[13:04:30] Using the in-memory credential store as the operating system's credential store could not be accessed. Please see https://aka.ms/vscode-server-keyring on how to set this up. Details: Cannot find module '../build/Release/keytar.node'
Require stack:
- /usr/lib/code-server/lib/vscode/node_modules/keytar/lib/keytar.js
- /usr/lib/code-server/lib/vscode/out/bootstrap-amd.js
- /usr/lib/code-server/out/node/util.js
- /usr/lib/code-server/out/node/cli.js
- /usr/lib/code-server/out/node/entry.js
Error: Unexpected SIGPIPE
    at process.<anonymous> (/usr/lib/code-server/lib/vscode/out/bootstrap.js:1:370)
    at process.emit (node:events:527:28)
[13:26:13] [127.0.0.1][7dd38e85][ExtensionHostConnection] Unknown reconnection token (never seen).
[13:26:14] [127.0.0.1][98ca1299][ManagementConnection] Unknown reconnection token (never seen).
[13:27:30] [127.0.0.1][51f71780][ExtensionHostConnection] Unknown reconnection token (never seen).
[13:27:30] [127.0.0.1][7ed72c18][ManagementConnection] Unknown reconnection token (never seen).
[13:28:20] RequestStore#acceptReply was called without receiving a matching request 61
[13:28:20] RequestStore#acceptReply was called without receiving a matching request 62
[13:28:20] RequestStore#acceptReply was called without receiving a matching request 63
[13:28:21] RequestStore#acceptReply was called without receiving a matching request 64
a socket was left hanging
a socket was left hanging
a socket was left hanging
a socket was left hanging
a socket was left hanging
a socket was left hanging
a socket was left hanging
[16:56:46] [File Watcher (parcel)] Unexpected error: Bad file descriptor (EUNKNOWN) (path: /home/coder/ifconfig)
[16:56:46] [File Watcher (universal)] restarting watcher after error: Bad file descriptor
[16:56:47] [File Watcher (parcel)] Unexpected error: Bad file descriptor (EUNKNOWN) (path: /home/coder/ifconfig)
[16:56:47] [File Watcher (universal)] restarting watcher after error: Bad file descriptor
[16:56:47] [File Watcher (parcel)] Unexpected error: Bad file descriptor (EUNKNOWN) (path: /home/coder/ifconfig)
[16:56:47] [File Watcher (universal)] restarting watcher after error: Bad file descriptor
[16:56:48] [File Watcher (parcel)] Unexpected error: Bad file descriptor (EUNKNOWN) (path: /home/coder/ifconfig)
[16:56:48] [File Watcher (universal)] restarting watcher after error: Bad file descriptor
[16:56:48] [File Watcher (parcel)] Unexpected error: Bad file descriptor (EUNKNOWN) (path: /home/coder/ifconfig)
[16:56:48] [File Watcher (universal)] restarting watcher after error: Bad file descriptor
[16:56:48] [File Watcher (parcel)] Unexpected error: Bad file descriptor (EUNKNOWN) (path: /home/coder/ifconfig)
[16:56:48] [File Watcher (universal)] gave up attempting to restart watcher after error: Bad file descriptor
[16:57:08] [File Watcher (parcel)] Unexpected error: Bad file descriptor (EUNKNOWN) (path: /home/coder/ifconfig)
[16:57:08] [File Watcher (universal)] restarting watcher after error: Bad file descriptor
[16:57:09] [File Watcher (parcel)] Unexpected error: Bad file descriptor (EUNKNOWN) (path: /home/coder/ifconfig)
[16:57:09] [File Watcher (universal)] restarting watcher after error: Bad file descriptor
[16:57:09] [File Watcher (parcel)] Unexpected error: Bad file descriptor (EUNKNOWN) (path: /home/coder/ifconfig)
[16:57:09] [File Watcher (universal)] restarting watcher after error: Bad file descriptor
[16:57:10] [File Watcher (parcel)] Unexpected error: Bad file descriptor (EUNKNOWN) (path: /home/coder/ifconfig)
[16:57:10] [File Watcher (universal)] restarting watcher after error: Bad file descriptor
[16:57:10] [File Watcher (parcel)] Unexpected error: Bad file descriptor (EUNKNOWN) (path: /home/coder/ifconfig)
[16:57:10] [File Watcher (universal)] restarting watcher after error: Bad file descriptor
[16:57:10] [File Watcher (parcel)] Unexpected error: Bad file descriptor (EUNKNOWN) (path: /home/coder/ifconfig)
[16:57:10] [File Watcher (universal)] gave up attempting to restart watcher after error: Bad file descriptor
Error: Unexpected SIGPIPE
    at process.<anonymous> (/usr/lib/code-server/lib/vscode/out/bootstrap.js:1:370)
    at process.emit (node:events:527:28)
IPC "Pty Host" crashed with exit code null and signal SIGINT
[16:57:33] ptyHost terminated unexpectedly with code null
[19:07:11] [File Watcher (parcel)] Unexpected error: Bad file descriptor (EUNKNOWN) (path: /home/dluman)
[19:07:11] [File Watcher (universal)] restarting watcher after error: Bad file descriptor
[19:07:11] [File Watcher (parcel)] Unexpected error: Bad file descriptor (EUNKNOWN) (path: /home/dluman)
[19:07:11] [File Watcher (universal)] restarting watcher after error: Bad file descriptor
[19:07:12] [File Watcher (parcel)] Unexpected error: Bad file descriptor (EUNKNOWN) (path: /home/dluman)
[19:07:12] [File Watcher (universal)] restarting watcher after error: Bad file descriptor
[19:07:12] [File Watcher (parcel)] Unexpected error: Bad file descriptor (EUNKNOWN) (path: /home/dluman)
[19:07:12] [File Watcher (universal)] restarting watcher after error: Bad file descriptor
[19:07:12] [File Watcher (parcel)] Unexpected error: Bad file descriptor (EUNKNOWN) (path: /home/dluman)
[19:07:12] [File Watcher (universal)] restarting watcher after error: Bad file descriptor
[19:07:12] [File Watcher (parcel)] Unexpected error: Bad file descriptor (EUNKNOWN) (path: /home/dluman)
[19:07:12] [File Watcher (universal)] gave up attempting to restart watcher after error: Bad file descriptor
[19:07:48] [172.17.0.1][7a96e1f5][ManagementConnection] Unknown reconnection token (never seen).
IPC "Pty Host" crashed with exit code null and signal SIGINT
[19:07:56] ptyHost terminated unexpectedly with code null
IPC "Pty Host" crashed with exit code null and signal SIGINT
[19:09:06] ptyHost terminated unexpectedly with code null
[20:38:31] [File Watcher (parcel)] Unexpected error: Bad file descriptor (EUNKNOWN) (path: /home/coder)
[20:38:31] [File Watcher (universal)] restarting watcher after error: Bad file descriptor
[20:38:31] [File Watcher (parcel)] Unexpected error: Bad file descriptor (EUNKNOWN) (path: /home/coder)
[20:38:31] [File Watcher (universal)] restarting watcher after error: Bad file descriptor
[20:38:32] [File Watcher (parcel)] Unexpected error: Bad file descriptor (EUNKNOWN) (path: /home/coder)
[20:38:32] [File Watcher (universal)] restarting watcher after error: Bad file descriptor
[20:38:32] [File Watcher (parcel)] Unexpected error: Bad file descriptor (EUNKNOWN) (path: /home/coder)
[20:38:32] [File Watcher (universal)] restarting watcher after error: Bad file descriptor
[20:38:32] [File Watcher (parcel)] Unexpected error: Bad file descriptor (EUNKNOWN) (path: /home/coder)
[20:38:32] [File Watcher (universal)] restarting watcher after error: Bad file descriptor
[20:38:32] [File Watcher (parcel)] Unexpected error: Bad file descriptor (EUNKNOWN) (path: /home/coder)
[20:38:32] [File Watcher (universal)] gave up attempting to restart watcher after error: Bad file descriptor
[20:39:28] [File Watcher (parcel)] Unexpected error: Bad file descriptor (EUNKNOWN) (path: /home/monster)
[20:39:28] [File Watcher (universal)] restarting watcher after error: Bad file descriptor
[20:39:28] [File Watcher (parcel)] Unexpected error: Bad file descriptor (EUNKNOWN) (path: /home/monster)
[20:39:28] [File Watcher (universal)] restarting watcher after error: Bad file descriptor
[20:39:29] [File Watcher (parcel)] Unexpected error: Bad file descriptor (EUNKNOWN) (path: /home/monster)
[20:39:29] [File Watcher (universal)] restarting watcher after error: Bad file descriptor
[20:39:29] [File Watcher (parcel)] Unexpected error: Bad file descriptor (EUNKNOWN) (path: /home/monster)
[20:39:29] [File Watcher (universal)] restarting watcher after error: Bad file descriptor
[20:39:29] [File Watcher (parcel)] Unexpected error: Bad file descriptor (EUNKNOWN) (path: /home/monster)
[20:39:29] [File Watcher (universal)] restarting watcher after error: Bad file descriptor
[20:39:29] [File Watcher (parcel)] Unexpected error: Bad file descriptor (EUNKNOWN) (path: /home/monster)
[20:39:29] [File Watcher (universal)] gave up attempting to restart watcher after error: Bad file descriptor
[20:40:14] [127.0.0.1][236988b8][ExtensionHostConnection] Unknown reconnection token (never seen).
[20:40:14] [127.0.0.1][58455e6c][ManagementConnection] Unknown reconnection token (never seen).
[20:40:27] [File Watcher (parcel)] Unexpected error: Bad file descriptor (EUNKNOWN) (path: /home/me)
[20:40:27] [File Watcher (universal)] restarting watcher after error: Bad file descriptor
[20:40:28] [File Watcher (parcel)] Unexpected error: Bad file descriptor (EUNKNOWN) (path: /home/me)
[20:40:28] [File Watcher (universal)] restarting watcher after error: Bad file descriptor
[20:40:28] [File Watcher (parcel)] Unexpected error: Bad file descriptor (EUNKNOWN) (path: /home/me)
[20:40:28] [File Watcher (universal)] restarting watcher after error: Bad file descriptor
[20:40:28] [File Watcher (parcel)] Unexpected error: Bad file descriptor (EUNKNOWN) (path: /home/me)
[20:40:28] [File Watcher (universal)] restarting watcher after error: Bad file descriptor
[20:40:28] [File Watcher (parcel)] Unexpected error: Bad file descriptor (EUNKNOWN) (path: /home/me)
[20:40:28] [File Watcher (universal)] restarting watcher after error: Bad file descriptor
[20:40:28] [File Watcher (parcel)] Unexpected error: Bad file descriptor (EUNKNOWN) (path: /home/me)
[20:40:28] [File Watcher (universal)] gave up attempting to restart watcher after error: Bad file descriptor
[20:48:29] [File Watcher (node.js)] correcting a path to watch that seems to be a symbolic link or wrong casing (original: /home/dluman/.local/share/code-server/Machine, real: /home/expendable/.local/share/code-server/Machine)
[20:48:29] [File Watcher (node.js)] correcting a path to watch that seems to be a symbolic link or wrong casing (original: /home/dluman/.local/share/code-server/extensions, real: /home/expendable/.local/share/code-server/extensions)
[20:48:33] [File Watcher (node.js)] correcting a path to watch that seems to be a symbolic link or wrong casing (original: /home/dluman/.local/share/code-server/User, real: /home/expendable/.local/share/code-server/User)
[20:48:33] [File Watcher (node.js)] correcting a path to watch that seems to be a symbolic link or wrong casing (original: /home/dluman/.local/share/code-server/User/settings.json, real: /home/expendable/.local/share/code-server/User/settings.json)
[20:48:33] [File Watcher (node.js)] correcting a path to watch that seems to be a symbolic link or wrong casing (original: /home/dluman/.local/share/code-server/Machine, real: /home/expendable/.local/share/code-server/Machine)
Error: Trying to add a disposable to a DisposableStore that has already been disposed of. The added object will be leaked!
    at h.add (/usr/lib/code-server/lib/vscode/out/vs/server/node/server.main.js:11:13061)
    at o._register (/usr/lib/code-server/lib/vscode/out/vs/server/node/server.main.js:11:13484)
    at o.doRefreshUniversalWatchers (/usr/lib/code-server/lib/vscode/out/vs/server/node/server.main.js:80:14162)
    at /usr/lib/code-server/lib/vscode/out/vs/server/node/server.main.js:80:14015
    at S.queue (/usr/lib/code-server/lib/vscode/out/vs/server/node/server.main.js:65:12171)
    at /usr/lib/code-server/lib/vscode/out/vs/server/node/server.main.js:65:13941
    at /usr/lib/code-server/lib/vscode/out/vs/server/node/server.main.js:65:13388
    at runNextTicks (node:internal/process/task_queues:61:5)
    at listOnTimeout (node:internal/timers:528:9)
    at processTimers (node:internal/timers:502:7)
Error: Trying to add a disposable to a DisposableStore that has already been disposed of. The added object will be leaked!
    at h.add (/usr/lib/code-server/lib/vscode/out/vs/server/node/server.main.js:11:13061)
    at o._register (/usr/lib/code-server/lib/vscode/out/vs/server/node/server.main.js:11:13484)
    at o.doRefreshUniversalWatchers (/usr/lib/code-server/lib/vscode/out/vs/server/node/server.main.js:80:14338)
    at /usr/lib/code-server/lib/vscode/out/vs/server/node/server.main.js:80:14015
    at S.queue (/usr/lib/code-server/lib/vscode/out/vs/server/node/server.main.js:65:12171)
    at /usr/lib/code-server/lib/vscode/out/vs/server/node/server.main.js:65:13941
    at /usr/lib/code-server/lib/vscode/out/vs/server/node/server.main.js:65:13388
    at runNextTicks (node:internal/process/task_queues:61:5)
    at listOnTimeout (node:internal/timers:528:9)
    at processTimers (node:internal/timers:502:7)
[20:48:35] [File Watcher (node.js)] correcting a path to watch that seems to be a symbolic link or wrong casing (original: /home/dluman/.local/share/code-server/User, real: /home/expendable/.local/share/code-server/User)
[20:48:35] [File Watcher (node.js)] correcting a path to watch that seems to be a symbolic link or wrong casing (original: /home/dluman/.local/share/code-server/User/settings.json, real: /home/expendable/.local/share/code-server/User/settings.json)
[20:48:35] [File Watcher (node.js)] correcting a path to watch that seems to be a symbolic link or wrong casing (original: /home/dluman/.local/share/code-server/Machine, real: /home/expendable/.local/share/code-server/Machine)
[20:48:37] [File Watcher (node.js)] correcting a path to watch that seems to be a symbolic link or wrong casing (original: /home/dluman/.local/share/code-server/User, real: /home/expendable/.local/share/code-server/User)
[20:48:37] [File Watcher (node.js)] correcting a path to watch that seems to be a symbolic link or wrong casing (original: /home/dluman/.local/share/code-server/User/settings.json, real: /home/expendable/.local/share/code-server/User/settings.json)
[20:48:37] [File Watcher (node.js)] correcting a path to watch that seems to be a symbolic link or wrong casing (original: /home/dluman/.local/share/code-server/Machine, real: /home/expendable/.local/share/code-server/Machine)
[20:48:38] [File Watcher (parcel)] correcting a path to watch that seems to be a symbolic link or wrong casing (original: /home/dluman, real: /home/expendable)
[20:48:40] [File Watcher (node.js)] correcting a path to watch that seems to be a symbolic link or wrong casing (original: /home/dluman/.local/share/code-server/User, real: /home/expendable/.local/share/code-server/User)
[20:48:40] [File Watcher (node.js)] correcting a path to watch that seems to be a symbolic link or wrong casing (original: /home/dluman/.local/share/code-server/User/settings.json, real: /home/expendable/.local/share/code-server/User/settings.json)
[20:48:40] [File Watcher (node.js)] correcting a path to watch that seems to be a symbolic link or wrong casing (original: /home/dluman/.local/share/code-server/Machine, real: /home/expendable/.local/share/code-server/Machine)
[20:48:41] [File Watcher (parcel)] correcting a path to watch that seems to be a symbolic link or wrong casing (original: /home/dluman, real: /home/expendable)
[20:48:53] [File Watcher (node.js)] correcting a path to watch that seems to be a symbolic link or wrong casing (original: /home/dluman/.local/share/code-server/User, real: /home/expendable/.local/share/code-server/User)
[20:48:53] [File Watcher (node.js)] correcting a path to watch that seems to be a symbolic link or wrong casing (original: /home/dluman/.local/share/code-server/User/settings.json, real: /home/expendable/.local/share/code-server/User/settings.json)
[20:48:53] [File Watcher (node.js)] correcting a path to watch that seems to be a symbolic link or wrong casing (original: /home/dluman/.local/share/code-server/Machine, real: /home/expendable/.local/share/code-server/Machine)
[20:48:54] [File Watcher (parcel)] correcting a path to watch that seems to be a symbolic link or wrong casing (original: /home/dluman, real: /home/expendable)
Error: Unexpected SIGPIPE
    at process.<anonymous> (/usr/lib/code-server/lib/vscode/out/bootstrap.js:1:370)
    at process.emit (node:events:527:28)
[20:49:23] [File Watcher (node.js)] correcting a path to watch that seems to be a symbolic link or wrong casing (original: /home/dluman/.local/share/code-server/Machine, real: /home/expendable/.local/share/code-server/Machine)
[20:49:23] [File Watcher (node.js)] correcting a path to watch that seems to be a symbolic link or wrong casing (original: /home/dluman/.local/share/code-server/extensions, real: /home/expendable/.local/share/code-server/extensions)
[20:49:23] [172.17.0.1][233555c8][ExtensionHostConnection] Unknown reconnection token (never seen).
[20:49:25] [File Watcher (node.js)] correcting a path to watch that seems to be a symbolic link or wrong casing (original: /home/dluman/.local/share/code-server/User, real: /home/expendable/.local/share/code-server/User)
[20:49:25] [File Watcher (node.js)] correcting a path to watch that seems to be a symbolic link or wrong casing (original: /home/dluman/.local/share/code-server/User/settings.json, real: /home/expendable/.local/share/code-server/User/settings.json)
[20:49:25] [File Watcher (node.js)] correcting a path to watch that seems to be a symbolic link or wrong casing (original: /home/dluman/.local/share/code-server/Machine, real: /home/expendable/.local/share/code-server/Machine)
[20:49:26] [File Watcher (parcel)] correcting a path to watch that seems to be a symbolic link or wrong casing (original: /home/dluman, real: /home/expendable)
[node.js fs] readdir with filetypes failed with error:  [Error: EACCES: permission denied, scandir '/root/'] {
  errno: -13,
  code: 'EACCES',
  syscall: 'scandir',
  path: '/root/'
}
[20:49:48] [File Watcher (node.js)] correcting a path to watch that seems to be a symbolic link or wrong casing (original: /home/dluman/.local/share/code-server/User, real: /home/expendable/.local/share/code-server/User)
[20:49:48] [File Watcher (node.js)] correcting a path to watch that seems to be a symbolic link or wrong casing (original: /home/dluman/.local/share/code-server/User/settings.json, real: /home/expendable/.local/share/code-server/User/settings.json)
[20:49:48] [File Watcher (node.js)] correcting a path to watch that seems to be a symbolic link or wrong casing (original: /home/dluman/.local/share/code-server/Machine, real: /home/expendable/.local/share/code-server/Machine)
[20:49:48] [File Watcher (node.js)] Error: EACCES: permission denied, stat '/root/.vscode'
[20:49:48] [File Watcher (node.js)] Error: EACCES: permission denied, stat '/root/.vscode/settings.json'
[20:49:48] [File Watcher (node.js)] Error: EACCES: permission denied, stat '/root/.vscode/tasks.json'
[20:49:48] [File Watcher (node.js)] Error: EACCES: permission denied, stat '/root/.vscode/launch.json'
[20:49:49] [File Watcher (parcel)] Unexpected error: Bad file descriptor (EUNKNOWN) (path: /root)
[20:49:49] [File Watcher (universal)] restarting watcher after error: Bad file descriptor
[node.js fs] readdir with filetypes failed with error:  [Error: EACCES: permission denied, scandir '/root'] {
  errno: -13,
  code: 'EACCES',
  syscall: 'scandir',
  path: '/root'
}
[20:49:49] [File Watcher (parcel)] Unexpected error: Bad file descriptor (EUNKNOWN) (path: /root)
[20:49:49] [File Watcher (universal)] restarting watcher after error: Bad file descriptor
[20:49:49] [File Watcher (parcel)] Unexpected error: Bad file descriptor (EUNKNOWN) (path: /root)
[20:49:49] [File Watcher (universal)] restarting watcher after error: Bad file descriptor
[20:49:49] [File Watcher (parcel)] Unexpected error: Bad file descriptor (EUNKNOWN) (path: /root)
[20:49:49] [File Watcher (universal)] restarting watcher after error: Bad file descriptor
[20:49:49] [File Watcher (parcel)] Unexpected error: Bad file descriptor (EUNKNOWN) (path: /root)
[20:49:49] [File Watcher (universal)] restarting watcher after error: Bad file descriptor
[20:49:50] [File Watcher (parcel)] Unexpected error: Bad file descriptor (EUNKNOWN) (path: /root)
[20:49:50] [File Watcher (universal)] gave up attempting to restart watcher after error: Bad file descriptor
[node.js fs] readdir with filetypes failed with error:  [Error: EACCES: permission denied, scandir '/root'] {
  errno: -13,
  code: 'EACCES',
  syscall: 'scandir',
  path: '/root'
}
[node.js fs] readdir with filetypes failed with error:  [Error: EACCES: permission denied, scandir '/root'] {
  errno: -13,
  code: 'EACCES',
  syscall: 'scandir',
  path: '/root'
}
IPC "Pty Host" crashed with exit code null and signal SIGINT
[20:50:08] ptyHost terminated unexpectedly with code null
[16:14:14] [File Watcher (node.js)] Error: EACCES: permission denied, stat '/root/.vscode/settings.json'
[16:14:14] [File Watcher (node.js)] Error: EACCES: permission denied, stat '/root/.vscode/tasks.json'
[16:14:14] [File Watcher (node.js)] Error: EACCES: permission denied, stat '/root/.vscode'
[16:14:14] [File Watcher (node.js)] Error: EACCES: permission denied, stat '/root/.vscode/launch.json'
[16:14:15] [File Watcher (parcel)] Unexpected error: Bad file descriptor (EUNKNOWN) (path: /root)
[16:14:15] [File Watcher (universal)] restarting watcher after error: Bad file descriptor
[node.js fs] readdir with filetypes failed with error:  [Error: EACCES: permission denied, scandir '/root'] {
  errno: -13,
  code: 'EACCES',
  syscall: 'scandir',
  path: '/root'
}
[16:14:15] [File Watcher (parcel)] Unexpected error: Bad file descriptor (EUNKNOWN) (path: /root)
[16:14:15] [File Watcher (universal)] restarting watcher after error: Bad file descriptor
[16:14:15] [File Watcher (parcel)] Unexpected error: Bad file descriptor (EUNKNOWN) (path: /root)
[16:14:15] [File Watcher (universal)] restarting watcher after error: Bad file descriptor
[16:14:16] [File Watcher (parcel)] Unexpected error: Bad file descriptor (EUNKNOWN) (path: /root)
[16:14:16] [File Watcher (universal)] restarting watcher after error: Bad file descriptor
[16:14:16] [File Watcher (parcel)] Unexpected error: Bad file descriptor (EUNKNOWN) (path: /root)
[16:14:16] [File Watcher (universal)] restarting watcher after error: Bad file descriptor
[16:14:16] [File Watcher (parcel)] Unexpected error: Bad file descriptor (EUNKNOWN) (path: /root)
[16:14:16] [File Watcher (universal)] gave up attempting to restart watcher after error: Bad file descriptor
[node.js fs] readdir with filetypes failed with error:  [Error: EACCES: permission denied, scandir '/root'] {
  errno: -13,
  code: 'EACCES',
  syscall: 'scandir',
  path: '/root'
}
IPC "Pty Host" crashed with exit code null and signal SIGINT
[16:14:22] ptyHost terminated unexpectedly with code null
IPC "File Watcher" crashed with exit code null and signal SIGINT
[16:14:22] [File Watcher (universal)] gave up attempting to restart watcher after error: terminated by itself with code null, signal: SIGINT
[16:15:06] [File Watcher (node.js)] Error: EACCES: permission denied, stat '/root/.vscode'
[16:15:06] [File Watcher (node.js)] Error: EACCES: permission denied, stat '/root/.vscode/settings.json'
[16:15:06] [File Watcher (node.js)] Error: EACCES: permission denied, stat '/root/.vscode/tasks.json'
[16:15:06] [File Watcher (node.js)] Error: EACCES: permission denied, stat '/root/.vscode/launch.json'
[16:15:07] [File Watcher (parcel)] Unexpected error: Bad file descriptor (EUNKNOWN) (path: /root)
[16:15:07] [File Watcher (universal)] restarting watcher after error: Bad file descriptor
[16:15:07] [File Watcher (parcel)] Unexpected error: Bad file descriptor (EUNKNOWN) (path: /root)
[16:15:07] [File Watcher (universal)] restarting watcher after error: Bad file descriptor
[node.js fs] readdir with filetypes failed with error:  [Error: EACCES: permission denied, scandir '/root'] {
  errno: -13,
  code: 'EACCES',
  syscall: 'scandir',
  path: '/root'
}
[16:15:08] [File Watcher (parcel)] Unexpected error: Bad file descriptor (EUNKNOWN) (path: /root)
[16:15:08] [File Watcher (universal)] restarting watcher after error: Bad file descriptor
[16:15:08] [File Watcher (parcel)] Unexpected error: Bad file descriptor (EUNKNOWN) (path: /root)
[16:15:08] [File Watcher (universal)] restarting watcher after error: Bad file descriptor
[16:15:08] [File Watcher (parcel)] Unexpected error: Bad file descriptor (EUNKNOWN) (path: /root)
[16:15:08] [File Watcher (universal)] restarting watcher after error: Bad file descriptor
[16:15:08] [File Watcher (parcel)] Unexpected error: Bad file descriptor (EUNKNOWN) (path: /root)
[16:15:08] [File Watcher (universal)] gave up attempting to restart watcher after error: Bad file descriptor
[node.js fs] readdir with filetypes failed with error:  [Error: EACCES: permission denied, scandir '/root'] {
  errno: -13,
  code: 'EACCES',
  syscall: 'scandir',
  path: '/root'
}
[node.js fs] readdir with filetypes failed with error:  [Error: EACCES: permission denied, scandir '/root'] {
  errno: -13,
  code: 'EACCES',
  syscall: 'scandir',
  path: '/root'
}
IPC "Pty Host" crashed with exit code null and signal SIGINT
[16:15:27] ptyHost terminated unexpectedly with code null
[16:17:18] [172.17.0.1][03b2cf1b][ManagementConnection] Unknown reconnection token (never seen).
IPC "Pty Host" crashed with exit code null and signal SIGINT
[16:17:30] ptyHost terminated unexpectedly with code null
[16:28:36] [172.17.0.1][19f48fd4][ExtensionHostConnection] Unknown reconnection token (never seen).
[16:28:37] [172.17.0.1][a0622e97][ManagementConnection] Unknown reconnection token (never seen).
Error: Unexpected SIGPIPE
    at process.<anonymous> (/usr/lib/code-server/lib/vscode/out/bootstrap.js:1:370)
    at process.emit (node:events:527:28)
IPC "Pty Host" crashed with exit code null and signal SIGINT
[16:28:47] ptyHost terminated unexpectedly with code null
IPC "Pty Host" crashed with exit code null and signal SIGINT
[16:34:53] ptyHost terminated unexpectedly with code null
[16:48:08] [172.17.0.1][d52f8a8d][ManagementConnection] Unknown reconnection token (never seen).
IPC "Pty Host" crashed with exit code null and signal SIGINT
[16:48:16] ptyHost terminated unexpectedly with code null
[16:53:53] [172.17.0.1][dd00c24a][ManagementConnection] Unknown reconnection token (never seen).
Error: Unexpected SIGPIPE
    at process.<anonymous> (/usr/lib/code-server/lib/vscode/out/bootstrap.js:1:370)
    at process.emit (node:events:527:28)
Error: Unexpected SIGPIPE
    at process.<anonymous> (/usr/lib/code-server/lib/vscode/out/bootstrap.js:1:370)
    at process.emit (node:events:527:28)
[23:14:52] Using the in-memory credential store as the operating system's credential store could not be accessed. Please see https://aka.ms/vscode-server-keyring on how to set this up. Details: Cannot find module '../build/Release/keytar.node'
Require stack:
- /usr/lib/code-server/lib/vscode/node_modules/keytar/lib/keytar.js
- /usr/lib/code-server/lib/vscode/out/bootstrap-amd.js
- /usr/lib/code-server/out/node/util.js
- /usr/lib/code-server/out/node/cli.js
- /usr/lib/code-server/out/node/entry.js
Error: Unexpected SIGPIPE
    at process.<anonymous> (/usr/lib/code-server/lib/vscode/out/bootstrap.js:1:370)
    at process.emit (node:events:527:28)
Error: Unexpected SIGPIPE
    at process.<anonymous> (/usr/lib/code-server/lib/vscode/out/bootstrap.js:1:370)
    at process.emit (node:events:527:28)
Error: Unexpected SIGPIPE
    at process.<anonymous> (/usr/lib/code-server/lib/vscode/out/bootstrap.js:1:370)
    at process.emit (node:events:527:28)
Error: Unexpected SIGPIPE
    at process.<anonymous> (/usr/lib/code-server/lib/vscode/out/bootstrap.js:1:370)
    at process.emit (node:events:527:28)
Error: Unexpected SIGPIPE
    at process.<anonymous> (/usr/lib/code-server/lib/vscode/out/bootstrap.js:1:370)
    at process.emit (node:events:527:28)
Error: Unexpected SIGPIPE
    at process.<anonymous> (/usr/lib/code-server/lib/vscode/out/bootstrap.js:1:370)
    at process.emit (node:events:527:28)
[00:07:35] Using the in-memory credential store as the operating system's credential store could not be accessed. Please see https://aka.ms/vscode-server-keyring on how to set this up. Details: Cannot find module '../build/Release/keytar.node'
Require stack:
- /usr/lib/code-server/lib/vscode/node_modules/keytar/lib/keytar.js
- /usr/lib/code-server/lib/vscode/out/bootstrap-amd.js
- /usr/lib/code-server/out/node/util.js
- /usr/lib/code-server/out/node/cli.js
- /usr/lib/code-server/out/node/entry.js
[00:10:00] Using the in-memory credential store as the operating system's credential store could not be accessed. Please see https://aka.ms/vscode-server-keyring on how to set this up. Details: Cannot find module '../build/Release/keytar.node'
Require stack:
- /usr/lib/code-server/lib/vscode/node_modules/keytar/lib/keytar.js
- /usr/lib/code-server/lib/vscode/out/bootstrap-amd.js
- /usr/lib/code-server/out/node/util.js
- /usr/lib/code-server/out/node/cli.js
- /usr/lib/code-server/out/node/entry.js
[00:11:26] [File Watcher (parcel)] Unexpected error: Bad file descriptor (EUNKNOWN) (path: /home/jnormile)
[00:11:26] [File Watcher (universal)] restarting watcher after error: Bad file descriptor
[00:11:27] [File Watcher (parcel)] Unexpected error: Bad file descriptor (EUNKNOWN) (path: /home/jnormile)
[00:11:27] [File Watcher (universal)] restarting watcher after error: Bad file descriptor
[00:11:27] [File Watcher (parcel)] Unexpected error: Bad file descriptor (EUNKNOWN) (path: /home/jnormile)
[00:11:27] [File Watcher (universal)] restarting watcher after error: Bad file descriptor
[00:11:28] [File Watcher (parcel)] Unexpected error: Bad file descriptor (EUNKNOWN) (path: /home/jnormile)
[00:11:28] [File Watcher (universal)] restarting watcher after error: Bad file descriptor
[00:11:28] [File Watcher (parcel)] Unexpected error: Bad file descriptor (EUNKNOWN) (path: /home/jnormile)
[00:11:28] [File Watcher (universal)] restarting watcher after error: Bad file descriptor
[00:11:28] [File Watcher (parcel)] Unexpected error: Bad file descriptor (EUNKNOWN) (path: /home/jnormile)
[00:11:28] [File Watcher (universal)] gave up attempting to restart watcher after error: Bad file descriptor
Error: Unexpected SIGPIPE
    at process.<anonymous> (/usr/lib/code-server/lib/vscode/out/bootstrap.js:1:370)
    at process.emit (node:events:527:28)
[00:55:48] Using the in-memory credential store as the operating system's credential store could not be accessed. Please see https://aka.ms/vscode-server-keyring on how to set this up. Details: Cannot find module '../build/Release/keytar.node'
Require stack:
- /usr/lib/code-server/lib/vscode/node_modules/keytar/lib/keytar.js
- /usr/lib/code-server/lib/vscode/out/bootstrap-amd.js
- /usr/lib/code-server/out/node/util.js
- /usr/lib/code-server/out/node/cli.js
- /usr/lib/code-server/out/node/entry.js
Error: Unexpected SIGPIPE
    at process.<anonymous> (/usr/lib/code-server/lib/vscode/out/bootstrap.js:1:370)
    at process.emit (node:events:527:28)
Error: Unexpected SIGPIPE
    at process.<anonymous> (/usr/lib/code-server/lib/vscode/out/bootstrap.js:1:370)
    at process.emit (node:events:527:28)
Error: Unexpected SIGPIPE
    at process.<anonymous> (/usr/lib/code-server/lib/vscode/out/bootstrap.js:1:370)
    at process.emit (node:events:527:28)
Error: Unexpected SIGPIPE
    at process.<anonymous> (/usr/lib/code-server/lib/vscode/out/bootstrap.js:1:370)
    at process.emit (node:events:527:28)
[03:04:04] RequestStore#acceptReply was called without receiving a matching request 13
[03:04:05] RequestStore#acceptReply was called without receiving a matching request 14
[03:04:05] RequestStore#acceptReply was called without receiving a matching request 15
[03:04:05] RequestStore#acceptReply was called without receiving a matching request 16
[03:04:05] RequestStore#acceptReply was called without receiving a matching request 17
[03:04:05] RequestStore#acceptReply was called without receiving a matching request 18
[03:04:05] RequestStore#acceptReply was called without receiving a matching request 19
[03:04:05] RequestStore#acceptReply was called without receiving a matching request 20
[03:04:05] RequestStore#acceptReply was called without receiving a matching request 21
[03:04:05] RequestStore#acceptReply was called without receiving a matching request 22
[03:04:05] RequestStore#acceptReply was called without receiving a matching request 23
[03:04:05] RequestStore#acceptReply was called without receiving a matching request 24
Error: Unexpected SIGPIPE
    at process.<anonymous> (/usr/lib/code-server/lib/vscode/out/bootstrap.js:1:370)
    at process.emit (node:events:527:28)
[03:26:11] Using the in-memory credential store as the operating system's credential store could not be accessed. Please see https://aka.ms/vscode-server-keyring on how to set this up. Details: Cannot find module '../build/Release/keytar.node'
Require stack:
- /usr/lib/code-server/lib/vscode/node_modules/keytar/lib/keytar.js
- /usr/lib/code-server/lib/vscode/out/bootstrap-amd.js
- /usr/lib/code-server/out/node/util.js
- /usr/lib/code-server/out/node/cli.js
- /usr/lib/code-server/out/node/entry.js
Error: Unexpected SIGPIPE
    at process.<anonymous> (/usr/lib/code-server/lib/vscode/out/bootstrap.js:1:370)
    at process.emit (node:events:527:28)
Error: Unexpected SIGPIPE
    at process.<anonymous> (/usr/lib/code-server/lib/vscode/out/bootstrap.js:1:370)
    at process.emit (node:events:527:28)
[23:26:29] Using the in-memory credential store as the operating system's credential store could not be accessed. Please see https://aka.ms/vscode-server-keyring on how to set this up. Details: Cannot find module '../build/Release/keytar.node'
Require stack:
- /usr/lib/code-server/lib/vscode/node_modules/keytar/lib/keytar.js
- /usr/lib/code-server/lib/vscode/out/bootstrap-amd.js
- /usr/lib/code-server/out/node/util.js
- /usr/lib/code-server/out/node/cli.js
- /usr/lib/code-server/out/node/entry.js
Error: Unexpected SIGPIPE
    at process.<anonymous> (/usr/lib/code-server/lib/vscode/out/bootstrap.js:1:370)
    at process.emit (node:events:527:28)
Error: Unexpected SIGPIPE
    at process.<anonymous> (/usr/lib/code-server/lib/vscode/out/bootstrap.js:1:370)
    at process.emit (node:events:527:28)
Error: Unexpected SIGPIPE
    at process.<anonymous> (/usr/lib/code-server/lib/vscode/out/bootstrap.js:1:370)
    at process.emit (node:events:527:28)
[00:19:48] [172.17.0.1][9c37f1c7][ExtensionHostConnection] Unknown reconnection token (never seen).
[00:19:52] [172.17.0.1][c47c4763][ManagementConnection] Unknown reconnection token (never seen).
Error: Unexpected SIGPIPE
    at process.<anonymous> (/usr/lib/code-server/lib/vscode/out/bootstrap.js:1:370)
    at process.emit (node:events:527:28)
Error: Unexpected SIGPIPE
    at process.<anonymous> (/usr/lib/code-server/lib/vscode/out/bootstrap.js:1:370)
    at process.emit (node:events:527:28)
Error: Unexpected SIGPIPE
    at process.<anonymous> (/usr/lib/code-server/lib/vscode/out/bootstrap.js:1:370)
    at process.emit (node:events:527:28)
[19:22:40] Using the in-memory credential store as the operating system's credential store could not be accessed. Please see https://aka.ms/vscode-server-keyring on how to set this up. Details: Cannot find module '../build/Release/keytar.node'
Require stack:
- /usr/lib/code-server/lib/vscode/node_modules/keytar/lib/keytar.js
- /usr/lib/code-server/lib/vscode/out/bootstrap-amd.js
- /usr/lib/code-server/out/node/util.js
- /usr/lib/code-server/out/node/cli.js
- /usr/lib/code-server/out/node/entry.js
[23:32:16] Using the in-memory credential store as the operating system's credential store could not be accessed. Please see https://aka.ms/vscode-server-keyring on how to set this up. Details: Cannot find module '../build/Release/keytar.node'
Require stack:
- /usr/lib/code-server/lib/vscode/node_modules/keytar/lib/keytar.js
- /usr/lib/code-server/lib/vscode/out/bootstrap-amd.js
- /usr/lib/code-server/out/node/util.js
- /usr/lib/code-server/out/node/cli.js
- /usr/lib/code-server/out/node/entry.js
Error: Unexpected SIGPIPE
    at process.<anonymous> (/usr/lib/code-server/lib/vscode/out/bootstrap.js:1:370)
    at process.emit (node:events:527:28)
[04:01:29] Using the in-memory credential store as the operating system's credential store could not be accessed. Please see https://aka.ms/vscode-server-keyring on how to set this up. Details: Cannot find module '../build/Release/keytar.node'
Require stack:
- /usr/lib/code-server/lib/vscode/node_modules/keytar/lib/keytar.js
- /usr/lib/code-server/lib/vscode/out/bootstrap-amd.js
- /usr/lib/code-server/out/node/util.js
- /usr/lib/code-server/out/node/cli.js
- /usr/lib/code-server/out/node/entry.js
Error: Unexpected SIGPIPE
    at process.<anonymous> (/usr/lib/code-server/lib/vscode/out/bootstrap.js:1:370)
    at process.emit (node:events:527:28)
Error: Unexpected SIGPIPE
    at process.<anonymous> (/usr/lib/code-server/lib/vscode/out/bootstrap.js:1:370)
    at process.emit (node:events:527:28)
Error: Unexpected SIGPIPE
    at process.<anonymous> (/usr/lib/code-server/lib/vscode/out/bootstrap.js:1:370)
    at process.emit (node:events:527:28)
