[2022-05-30 03:59:04.619] [exthost] [info] Extension host with pid 69 started
[2022-05-30 03:59:04.621] [exthost] [error] Error: EEXIST: file already exists, open '/home/dluman/.local/share/code-server/User/workspaceStorage/-3baf07dc/vscode.lock'
[2022-05-30 03:59:04.623] [exthost] [info] Lock '/home/dluman/.local/share/code-server/User/workspaceStorage/-3baf07dc/vscode.lock': Could not acquire lock, checking if the file is stale.
[2022-05-30 03:59:04.625] [exthost] [info] Lock '/home/dluman/.local/share/code-server/User/workspaceStorage/-3baf07dc/vscode.lock': The lock does not look stale, elapsed: 100906 ms, giving up.
[2022-05-30 03:59:04.637] [exthost] [info] Lock '/home/dluman/.local/share/code-server/User/workspaceStorage/-3baf07dc-1/vscode.lock': Lock acquired.
[2022-05-30 03:59:04.706] [exthost] [info] ExtensionService#_doActivateExtension vscode.configuration-editing, startup: false, activationEvent: 'onLanguage:json'
[2022-05-30 03:59:04.715] [exthost] [info] ExtensionService#_doActivateExtension vscode.extension-editing, startup: false, activationEvent: 'onLanguage:json'
[2022-05-30 03:59:04.731] [exthost] [info] ExtensionService#_doActivateExtension vscode.json-language-features, startup: false, activationEvent: 'onLanguage:json'
[2022-05-30 03:59:04.803] [exthost] [info] ExtensionService#_doActivateExtension vscode.npm, startup: false, activationEvent: 'onLanguage:json'
[2022-05-30 03:59:04.859] [exthost] [info] ExtensionService#_doActivateExtension vscode.debug-auto-launch, startup: true, activationEvent: '*'
[2022-05-30 03:59:04.863] [exthost] [info] ExtensionService#_doActivateExtension vscode.git-base, startup: true, activationEvent: '*', root cause: vscode.git
[2022-05-30 03:59:04.866] [exthost] [info] ExtensionService#_doActivateExtension vscode.ipynb, startup: true, activationEvent: '*'
[2022-05-30 03:59:04.958] [exthost] [info] ExtensionService#_doActivateExtension vscode.git, startup: true, activationEvent: '*'
[2022-05-30 03:59:05.061] [exthost] [info] ExtensionService#_doActivateExtension vscode.github, startup: true, activationEvent: '*'
[2022-05-30 03:59:05.317] [exthost] [warning] [vscode.git] Accessing a resource scoped configuration without providing a resource is not expected. To get the effective value for 'git.commandsToLog', provide the URI of a resource or 'null' for any resource.
[2022-05-30 03:59:05.334] [exthost] [info] ExtensionService#_doActivateExtension vscode.emmet, startup: false, activationEvent: 'onStartupFinished'
[2022-05-30 03:59:05.358] [exthost] [info] ExtensionService#_doActivateExtension vscode.merge-conflict, startup: false, activationEvent: 'onStartupFinished'
[2022-05-30 03:59:05.363] [exthost] [info] Eager extensions activated
[2022-05-30 03:59:05.593] [exthost] [warning] [vscode.emmet] Accessing a resource scoped configuration without providing a resource is not expected. To get the effective value for 'emmet.includeLanguages', provide the URI of a resource or 'null' for any resource.
[2022-05-30 04:04:55.394] [exthost] [info] ExtensionService#_doActivateExtension vscode.typescript-language-features, startup: false, activationEvent: 'onLanguage:jsonc'
[2022-05-30 04:08:27.825] [exthost] [info] extension host terminating: received terminate message from renderer
[2022-05-30 04:08:27.826] [exthost] [info] Lock '/home/dluman/.local/share/code-server/User/workspaceStorage/-3baf07dc-1/vscode.lock': Marking the lockfile as scheduled to be released in 6000 ms.
[2022-05-30 04:08:27.842] [exthost] [info] Extension host with pid 69 exiting with code 0
